{"timestamp": "2025-08-22T14:58:50.393127Z", "level": "info", "event": "Serving UI homepage."}
{"timestamp": "2025-08-22T14:59:34.826485Z", "level": "info", "event": "Received file for analysis: sample.pdf"}
{"session_id": "session_20250822_202934_027e31ea", "session_path": "/Users/kamaldeepsingh/GitProject/sunny/document_portal/data/document_analysis/session_20250822_202934_027e31ea", "timestamp": "2025-08-22T14:59:34.827737Z", "level": "info", "event": "DocHandler initialized"}
{"file": "sample.pdf", "save_path": "/Users/kamaldeepsingh/GitProject/sunny/document_portal/data/document_analysis/session_20250822_202934_027e31ea/sample.pdf", "session_id": "session_20250822_202934_027e31ea", "timestamp": "2025-08-22T14:59:34.831648Z", "level": "info", "event": "PDF saved successfully"}
{"pdf_path": "/Users/kamaldeepsingh/GitProject/sunny/document_portal/data/document_analysis/session_20250822_202934_027e31ea/sample.pdf", "session_id": "session_20250822_202934_027e31ea", "pages": 77, "timestamp": "2025-08-22T14:59:35.395357Z", "level": "info", "event": "PDF read successfully"}
{"missing_vars": ["GOOGLE_API_KEY", "GROQ_API_KEY"], "timestamp": "2025-08-22T14:59:35.395666Z", "level": "error", "event": "Missing environment variables"}
{"timestamp": "2025-08-22T14:59:35.395722Z", "level": "error", "event": "Error initializing DocumentAnalyzer: Error in [<unknown>] at line [-1] | Message: Missing environment variables"}
{"exc_info": true, "timestamp": "2025-08-22T14:59:35.397363Z", "level": "error", "event": "Error during document analysis"}
{"timestamp": "2025-08-22T15:00:11.966998Z", "level": "info", "event": "Comparing files: Long_Report_V1.pdf vs Long_Report_V2.pdf"}
{"session_path": "data/document_compare/session_20250822_203011_6ea71e2f", "timestamp": "2025-08-22T15:00:11.967553Z", "level": "info", "event": "DocumentComparator initialized"}
{"reference": "data/document_compare/session_20250822_203011_6ea71e2f/Long_Report_V1.pdf", "actual": "data/document_compare/session_20250822_203011_6ea71e2f/Long_Report_V2.pdf", "session": "session_20250822_203011_6ea71e2f", "timestamp": "2025-08-22T15:00:11.967897Z", "level": "info", "event": "Files saved"}
{"file": "data/document_compare/session_20250822_203011_6ea71e2f/Long_Report_V1.pdf", "pages": 1, "timestamp": "2025-08-22T15:00:11.969874Z", "level": "info", "event": "PDF read successfully"}
{"file": "data/document_compare/session_20250822_203011_6ea71e2f/Long_Report_V2.pdf", "pages": 1, "timestamp": "2025-08-22T15:00:11.971580Z", "level": "info", "event": "PDF read successfully"}
{"count": 2, "session": "session_20250822_203011_6ea71e2f", "timestamp": "2025-08-22T15:00:11.971646Z", "level": "info", "event": "Documents combined"}
{"missing_vars": ["GOOGLE_API_KEY", "GROQ_API_KEY"], "timestamp": "2025-08-22T15:00:11.972009Z", "level": "error", "event": "Missing environment variables"}
{"exc_info": true, "timestamp": "2025-08-22T15:00:11.972082Z", "level": "error", "event": "Comparison failed"}
{"timestamp": "2025-08-22T15:00:41.722641Z", "level": "info", "event": "Indexing chat session. Session ID: None, Files: ['Long_Report_V1.pdf']"}
{"missing_vars": ["GOOGLE_API_KEY", "GROQ_API_KEY"], "timestamp": "2025-08-22T15:00:41.723143Z", "level": "error", "event": "Missing environment variables"}
{"error": "Error in [<unknown>] at line [-1] | Message: Missing environment variables", "timestamp": "2025-08-22T15:00:41.723212Z", "level": "error", "event": "Failed to initialize ChatIngestor"}
{"exc_info": true, "timestamp": "2025-08-22T15:00:41.723814Z", "level": "error", "event": "Chat index building failed"}
